0 info it worked if it ends with ok
1 verbose cli [ 'node', '/usr/local/bin/npm', 'install', '-g', 'divshot-cli' ]
2 info using npm@2.5.1
3 info using node@v0.12.1
4 silly cache add args [ 'divshot-cli', null ]
5 verbose cache add spec divshot-cli
6 silly cache add parsed spec { raw: 'divshot-cli',
6 silly cache add   scope: null,
6 silly cache add   name: 'divshot-cli',
6 silly cache add   rawSpec: '',
6 silly cache add   spec: '*',
6 silly cache add   type: 'range' }
7 verbose addNamed divshot-cli@*
8 silly addNamed semver.valid null
9 silly addNamed semver.validRange *
10 silly addNameRange { name: 'divshot-cli', range: '*', hasData: false }
11 silly mapToRegistry name divshot-cli
12 silly mapToRegistry using default registry
13 silly mapToRegistry registry https://registry.npmjs.org/
14 silly mapToRegistry uri https://registry.npmjs.org/divshot-cli
15 verbose addNameRange registry:https://registry.npmjs.org/divshot-cli not in flight; fetching
16 verbose request uri https://registry.npmjs.org/divshot-cli
17 verbose request no auth needed
18 info attempt registry request try #1 at 8:08:24 PM
19 verbose request id f1a978b466a5a3ec
20 verbose etag "YF19UW5REL6Q60PL8AWL0FB"
21 http request GET https://registry.npmjs.org/divshot-cli
22 http 304 https://registry.npmjs.org/divshot-cli
23 silly get cb [ 304,
23 silly get   { date: 'Sun, 12 Apr 2015 00:08:24 GMT',
23 silly get     server: 'Apache',
23 silly get     via: '1.1 varnish',
23 silly get     'last-modified': 'Sun, 12 Apr 2015 00:08:24 GMT',
23 silly get     'cache-control': 'max-age=60',
23 silly get     etag: '"YF19UW5REL6Q60PL8AWL0FB"',
23 silly get     age: '0',
23 silly get     'x-served-by': 'cache-atl6223-ATL',
23 silly get     'x-cache': 'MISS',
23 silly get     'x-cache-hits': '0',
23 silly get     'x-timer': 'S1428797304.582314,VS0,VE112',
23 silly get     vary: 'Accept',
23 silly get     'content-length': '0',
23 silly get     'keep-alive': 'timeout=10, max=50',
23 silly get     connection: 'Keep-Alive' } ]
24 verbose etag https://registry.npmjs.org/divshot-cli from cache
25 verbose get saving divshot-cli to /Users/dvorkin212/.npm/registry.npmjs.org/divshot-cli/.cache.json
26 silly addNameRange number 2 { name: 'divshot-cli', range: '*', hasData: true }
27 silly addNameRange versions [ 'divshot-cli',
27 silly addNameRange   [ '0.0.2',
27 silly addNameRange     '0.0.3',
27 silly addNameRange     '0.0.4',
27 silly addNameRange     '0.0.5',
27 silly addNameRange     '0.0.6',
27 silly addNameRange     '0.0.7',
27 silly addNameRange     '0.0.8',
27 silly addNameRange     '0.0.9',
27 silly addNameRange     '0.1.1',
27 silly addNameRange     '0.2.3',
27 silly addNameRange     '0.2.6',
27 silly addNameRange     '0.2.9',
27 silly addNameRange     '0.2.10',
27 silly addNameRange     '0.2.11',
27 silly addNameRange     '0.2.13',
27 silly addNameRange     '0.3.1',
27 silly addNameRange     '0.3.2',
27 silly addNameRange     '0.3.3',
27 silly addNameRange     '0.3.4',
27 silly addNameRange     '0.3.5',
27 silly addNameRange     '0.3.6',
27 silly addNameRange     '0.3.7',
27 silly addNameRange     '0.3.9',
27 silly addNameRange     '0.3.10',
27 silly addNameRange     '0.3.11',
27 silly addNameRange     '0.4.0',
27 silly addNameRange     '0.4.1',
27 silly addNameRange     '0.4.3',
27 silly addNameRange     '0.4.4',
27 silly addNameRange     '0.4.5',
27 silly addNameRange     '0.4.6',
27 silly addNameRange     '0.4.7',
27 silly addNameRange     '0.4.8',
27 silly addNameRange     '0.5.0',
27 silly addNameRange     '0.6.0',
27 silly addNameRange     '0.6.1',
27 silly addNameRange     '0.6.2',
27 silly addNameRange     '0.6.3',
27 silly addNameRange     '0.6.4',
27 silly addNameRange     '0.6.6',
27 silly addNameRange     '0.6.7',
27 silly addNameRange     '0.6.8',
27 silly addNameRange     '0.6.9',
27 silly addNameRange     '0.6.10',
27 silly addNameRange     '0.6.11',
27 silly addNameRange     '0.6.12',
27 silly addNameRange     '0.6.13',
27 silly addNameRange     '0.7.0',
27 silly addNameRange     '0.8.0',
27 silly addNameRange     '0.8.1',
27 silly addNameRange     '0.8.2',
27 silly addNameRange     '0.8.3',
27 silly addNameRange     '0.9.0',
27 silly addNameRange     '0.9.1',
27 silly addNameRange     '0.9.2',
27 silly addNameRange     '0.9.3',
27 silly addNameRange     '0.9.4',
27 silly addNameRange     '0.9.5',
27 silly addNameRange     '0.9.6',
27 silly addNameRange     '0.9.8',
27 silly addNameRange     '0.9.9',
27 silly addNameRange     '0.9.10',
27 silly addNameRange     '0.9.11',
27 silly addNameRange     '0.9.13',
27 silly addNameRange     '0.9.14',
27 silly addNameRange     '0.10.0',
27 silly addNameRange     '0.10.1',
27 silly addNameRange     '0.11.0',
27 silly addNameRange     '0.11.1',
27 silly addNameRange     '0.11.2',
27 silly addNameRange     '0.12.0',
27 silly addNameRange     '0.12.1',
27 silly addNameRange     '0.12.2',
27 silly addNameRange     '0.12.3',
27 silly addNameRange     '0.12.4',
27 silly addNameRange     '0.14.0-rc1',
27 silly addNameRange     '0.14.2-rc1',
27 silly addNameRange     '0.14.2-rc2',
27 silly addNameRange     '0.15.0',
27 silly addNameRange     '0.15.1',
27 silly addNameRange     '0.15.2',
27 silly addNameRange     '0.15.3',
27 silly addNameRange     '0.15.4',
27 silly addNameRange     '0.15.5',
27 silly addNameRange     '0.15.6',
27 silly addNameRange     '0.15.7',
27 silly addNameRange     '0.16.0',
27 silly addNameRange     '0.16.1',
27 silly addNameRange     '0.16.2',
27 silly addNameRange     '0.16.3',
27 silly addNameRange     '0.16.4',
27 silly addNameRange     '0.16.5',
27 silly addNameRange     '0.16.6',
27 silly addNameRange     '0.16.7',
27 silly addNameRange     '0.17.0',
27 silly addNameRange     '0.18.0',
27 silly addNameRange     '0.18.1',
27 silly addNameRange     '0.18.2',
27 silly addNameRange     '1.0.0-rc2',
27 silly addNameRange     '1.0.0-rc3',
27 silly addNameRange     '1.0.0',
27 silly addNameRange     '1.0.1',
27 silly addNameRange     '1.0.2',
27 silly addNameRange     '1.0.3',
27 silly addNameRange     '1.0.4',
27 silly addNameRange     '1.0.5',
27 silly addNameRange     '1.0.6',
27 silly addNameRange     '1.0.7',
27 silly addNameRange     '1.0.8',
27 silly addNameRange     '1.0.9',
27 silly addNameRange     '1.0.10',
27 silly addNameRange     '1.1.0',
27 silly addNameRange     '1.3.0',
27 silly addNameRange     '1.3.1',
27 silly addNameRange     '1.3.2',
27 silly addNameRange     '1.3.3',
27 silly addNameRange     '1.4.0',
27 silly addNameRange     '1.4.1',
27 silly addNameRange     '1.4.2-rc1',
27 silly addNameRange     '1.4.2',
27 silly addNameRange     '1.4.3',
27 silly addNameRange     '1.4.6',
27 silly addNameRange     '1.4.7',
27 silly addNameRange     '1.5.0',
27 silly addNameRange     '1.6.0',
27 silly addNameRange     '1.7.0',
27 silly addNameRange     '1.7.1',
27 silly addNameRange     '1.7.2',
27 silly addNameRange     '1.7.3',
27 silly addNameRange     '1.8.0',
27 silly addNameRange     '1.8.1',
27 silly addNameRange     '1.9.0',
27 silly addNameRange     '1.9.1',
27 silly addNameRange     '1.10.0',
27 silly addNameRange     '1.10.1',
27 silly addNameRange     '1.10.2',
27 silly addNameRange     '1.10.3',
27 silly addNameRange     '1.10.4' ] ]
28 verbose addNamed divshot-cli@1.10.4
29 silly addNamed semver.valid 1.10.4
30 silly addNamed semver.validRange 1.10.4
31 silly cache afterAdd divshot-cli@1.10.4
32 verbose afterAdd /Users/dvorkin212/.npm/divshot-cli/1.10.4/package/package.json not in flight; writing
33 verbose afterAdd /Users/dvorkin212/.npm/divshot-cli/1.10.4/package/package.json written
34 silly install resolved [ { name: 'divshot-cli',
34 silly install resolved     description: 'CLI for Divshot',
34 silly install resolved     version: '1.10.4',
34 silly install resolved     dependencies:
34 silly install resolved      { async: '^0.9.0',
34 silly install resolved        booly: '^1.0.2',
34 silly install resolved        bytes: '^1.0.0',
34 silly install resolved        chalk: '^1.0.0',
34 silly install resolved        clone: '^1.0.0',
34 silly install resolved        'copy-files': '^0.1.0',
34 silly install resolved        'cozy-slug': '0.2.2',
34 silly install resolved        'divshot-api': '1.3.x',
34 silly install resolved        'divshot-dumper': '1.1.0',
34 silly install resolved        'divshot-push': '1.4.1',
34 silly install resolved        'exit-hook': '^1.1.1',
34 silly install resolved        feedback: '^0.3.2',
34 silly install resolved        'fs-extra': '^0.16.3',
34 silly install resolved        'home-dir': '^1.0.0',
34 silly install resolved        inquirer: '^0.8.0',
34 silly install resolved        'join-path': '^1.0.0',
34 silly install resolved        jsonlint: '^1.6.2',
34 silly install resolved        lodash: '^2.4.1',
34 silly install resolved        marked: '^0.3.2',
34 silly install resolved        'marked-terminal': '^1.1.1',
34 silly install resolved        'mime-types': '^2.0.2',
34 silly install resolved        mkdirp: '0.5.x',
34 silly install resolved        moment: '^2.8.3',
34 silly install resolved        nash: '0.3.x',
34 silly install resolved        open: '0.0.5',
34 silly install resolved        pluralize: '^1.0.3',
34 silly install resolved        'pretty-print': '^1.0.0',
34 silly install resolved        progress: '^1.1.8',
34 silly install resolved        promptly: '^0.2.0',
34 silly install resolved        read: '^1.0.5',
34 silly install resolved        regular: '^0.1.6',
34 silly install resolved        request: '^2.44.0',
34 silly install resolved        sizer: '^0.1.1',
34 silly install resolved        slash: '^1.0.0',
34 silly install resolved        superstatic: '1.2.1',
34 silly install resolved        touch: '0.0.3',
34 silly install resolved        'update-notifier': '^0.2.2',
34 silly install resolved        writestreamp: '^0.1.0' },
34 silly install resolved     devDependencies: { jshint: '~2.6.0' },
34 silly install resolved     scripts: { test: 'mocha --recursive --reporter spec ./test' },
34 silly install resolved     author: { name: 'Divshot' },
34 silly install resolved     homepage: 'http://divshot.com',
34 silly install resolved     repository:
34 silly install resolved      { type: 'git',
34 silly install resolved        url: 'https://github.com/divshot/divshot-cli.git' },
34 silly install resolved     bugs: { url: 'https://github.com/divshot/divshot-cli/issues' },
34 silly install resolved     keywords: [ 'divshot', 'hosting', 'static' ],
34 silly install resolved     preferGlobal: 'true',
34 silly install resolved     bin: { divshot: 'bin/divshot.js' },
34 silly install resolved     main: 'bin/divshot.js',
34 silly install resolved     gitHead: '1a2641ed25ee3196961fce59443b32f915b7059a',
34 silly install resolved     _id: 'divshot-cli@1.10.4',
34 silly install resolved     _shasum: '5334dbf0b98f9a9494d7bcafde7dbe3b42f7b9b4',
34 silly install resolved     _from: 'divshot-cli@*',
34 silly install resolved     _npmVersion: '2.5.1',
34 silly install resolved     _nodeVersion: '0.12.0',
34 silly install resolved     _npmUser: { name: 'scottcorgan', email: 'scottcorgan@gmail.com' },
34 silly install resolved     maintainers: [ [Object], [Object] ],
34 silly install resolved     dist:
34 silly install resolved      { shasum: '5334dbf0b98f9a9494d7bcafde7dbe3b42f7b9b4',
34 silly install resolved        tarball: 'http://registry.npmjs.org/divshot-cli/-/divshot-cli-1.10.4.tgz' },
34 silly install resolved     directories: {},
34 silly install resolved     _resolved: 'https://registry.npmjs.org/divshot-cli/-/divshot-cli-1.10.4.tgz',
34 silly install resolved     readme: 'ERROR: No README data found!' } ]
35 info install divshot-cli@1.10.4 into /usr/local/lib
36 info installOne divshot-cli@1.10.4
37 verbose installOne of divshot-cli to /usr/local/lib not in flight; installing
38 verbose lock using /Users/dvorkin212/.npm/_locks/divshot-cli-4a836f9c9a4c166a.lock for /usr/local/lib/node_modules/divshot-cli
39 silly install write writing divshot-cli 1.10.4 to /usr/local/lib/node_modules/divshot-cli
40 silly cache addNamed cb divshot-cli@1.10.4
41 verbose unbuild lib/node_modules/divshot-cli
42 verbose gentlyRm vacuuming /usr/local/lib/node_modules/divshot-cli
43 verbose tar unpack /Users/dvorkin212/.npm/divshot-cli/1.10.4/package.tgz
44 verbose tar unpacking to /usr/local/lib/node_modules/divshot-cli
45 verbose gentlyRm vacuuming /usr/local/lib/node_modules/divshot-cli
46 silly gunzTarPerm modes [ '755', '644' ]
47 error tar.unpack untar error /Users/dvorkin212/.npm/divshot-cli/1.10.4/package.tgz
48 verbose unlock done using /Users/dvorkin212/.npm/_locks/divshot-cli-4a836f9c9a4c166a.lock for /usr/local/lib/node_modules/divshot-cli
49 verbose fstream_path /usr/local/lib/node_modules/divshot-cli
50 verbose fstream_type Directory
51 verbose fstream_class DirWriter
52 verbose stack Error: EACCES, mkdir '/usr/local/lib/node_modules/divshot-cli'
52 verbose stack     at Error (native)
53 verbose fstream_stack /usr/local/lib/node_modules/npm/node_modules/fstream/lib/dir-writer.js:36:23
53 verbose fstream_stack /usr/local/lib/node_modules/npm/node_modules/mkdirp/index.js:46:53
53 verbose fstream_stack FSReqWrap.oncomplete (fs.js:99:15)
54 verbose cwd /Users/dvorkin212/Documents/Vostok
55 error Darwin 14.3.0
56 error argv "node" "/usr/local/bin/npm" "install" "-g" "divshot-cli"
57 error node v0.12.1
58 error npm  v2.5.1
59 error path /usr/local/lib/node_modules/divshot-cli
60 error code EACCES
61 error errno -13
62 error Error: EACCES, mkdir '/usr/local/lib/node_modules/divshot-cli'
62 error     at Error (native)
62 error  { [Error: EACCES, mkdir '/usr/local/lib/node_modules/divshot-cli']
62 error   errno: -13,
62 error   code: 'EACCES',
62 error   path: '/usr/local/lib/node_modules/divshot-cli',
62 error   fstream_type: 'Directory',
62 error   fstream_path: '/usr/local/lib/node_modules/divshot-cli',
62 error   fstream_class: 'DirWriter',
62 error   fstream_stack:
62 error    [ '/usr/local/lib/node_modules/npm/node_modules/fstream/lib/dir-writer.js:36:23',
62 error      '/usr/local/lib/node_modules/npm/node_modules/mkdirp/index.js:46:53',
62 error      'FSReqWrap.oncomplete (fs.js:99:15)' ] }
63 error Please try running this command again as root/Administrator.
64 verbose exit [ -13, true ]
65 verbose unbuild lib/node_modules/divshot-cli
66 verbose gentlyRm vacuuming /usr/local/lib/node_modules/divshot-cli
